<?xml version="1.0" encoding="UTF-8"?>
<!-- Generated by org.testng.reporters.JUnitXMLReporter -->
<testsuite ignored="0" hostname="DESKTOP-32L8KLL" failures="0" tests="5" name="Default test" time="24.812" errors="0" timestamp="2024-04-12T21:01:45 IST">
  <testcase classname="finalAssessment.finalAssessment.AppTest" name="openBrowser" time="2.784"/>
  <testcase classname="finalAssessment.finalAssessment.AppTest" name="register_signup" time="1.89"/>
  <testcase classname="finalAssessment.finalAssessment.AppTest" name="addToCart" time="4.158"/>
  <testcase classname="finalAssessment.finalAssessment.AppTest" name="click_Checkout" time="9.095"/>
  <testcase classname="finalAssessment.finalAssessment.AppTest" name="logout" time="6.83"/>
</testsuite> <!-- Default test -->
