<?xml version="1.0" encoding="UTF-8"?>
<testng-results ignored="0" total="5" passed="5" failed="0" skipped="0">
  <reporter-output>
  </reporter-output>
  <suite started-at="2024-04-12T21:01:20 IST" name="Default suite" finished-at="2024-04-12T21:01:45 IST" duration-ms="24812">
    <groups>
    </groups>
    <test started-at="2024-04-12T21:01:20 IST" name="Default test" finished-at="2024-04-12T21:01:45 IST" duration-ms="24812">
      <class name="finalAssessment.finalAssessment.AppTest">
        <test-method signature="openBrowser()[pri:1, instance:finalAssessment.finalAssessment.AppTest@2a798d51]" started-at="2024-04-12T21:01:20 IST" name="openBrowser" finished-at="2024-04-12T21:01:23 IST" duration-ms="2784" status="PASS">
          <reporter-output>
          </reporter-output>
        </test-method> <!-- openBrowser -->
        <test-method signature="register_signup()[pri:2, instance:finalAssessment.finalAssessment.AppTest@2a798d51]" started-at="2024-04-12T21:01:23 IST" name="register_signup" finished-at="2024-04-12T21:01:25 IST" duration-ms="1890" status="PASS">
          <reporter-output>
          </reporter-output>
        </test-method> <!-- register_signup -->
        <test-method signature="addToCart()[pri:3, instance:finalAssessment.finalAssessment.AppTest@2a798d51]" started-at="2024-04-12T21:01:25 IST" name="addToCart" finished-at="2024-04-12T21:01:29 IST" duration-ms="4158" status="PASS">
          <reporter-output>
          </reporter-output>
        </test-method> <!-- addToCart -->
        <test-method signature="click_Checkout()[pri:4, instance:finalAssessment.finalAssessment.AppTest@2a798d51]" started-at="2024-04-12T21:01:29 IST" name="click_Checkout" finished-at="2024-04-12T21:01:38 IST" duration-ms="9095" status="PASS">
          <reporter-output>
          </reporter-output>
        </test-method> <!-- click_Checkout -->
        <test-method signature="logout()[pri:5, instance:finalAssessment.finalAssessment.AppTest@2a798d51]" started-at="2024-04-12T21:01:38 IST" name="logout" finished-at="2024-04-12T21:01:45 IST" duration-ms="6830" status="PASS">
          <reporter-output>
          </reporter-output>
        </test-method> <!-- logout -->
      </class> <!-- finalAssessment.finalAssessment.AppTest -->
    </test> <!-- Default test -->
  </suite> <!-- Default suite -->
</testng-results>
